# JRE version: Java(TM) SE Runtime Environment (8.0_25-b17) (build 1.8.0_25-b17)
# Java VM: Java HotSpot(TM) 64-Bit Server VM (25.25-b02 mixed mode bsd-amd64 compressed oops)
Heap:
 PSYoungGen      total 51712K, used 26531K [0x00000007aab00000, 0x00000007b2600000, 0x00000007c0000000)
  eden space 39424K, 44% used [0x00000007aab00000,0x00000007abc1a950,0x00000007ad180000)
  from space 12288K, 73% used [0x00000007aed80000,0x00000007af64e3b0,0x00000007af980000)
  to   space 28672K, 0% used [0x00000007ad180000,0x00000007ad180000,0x00000007aed80000)
 ParOldGen       total 112128K, used 44872K [0x0000000780000000, 0x0000000786d80000, 0x00000007aab00000)
  object space 112128K, 40% used [0x0000000780000000,0x0000000782bd2338,0x0000000786d80000)
 Metaspace       used 22956K, capacity 24028K, committed 24192K, reserved 1071104K
  class space    used 3196K, capacity 3407K, committed 3456K, reserved 1048576K
GC Heap History (10 events):
Event: 3.642 GC heap before
{Heap before GC invocations=4 (full 1):
 PSYoungGen      total 35328K, used 2528K [0x00000007aab00000, 0x00000007af000000, 0x00000007c0000000)
  eden space 32768K, 0% used [0x00000007aab00000,0x00000007aab00000,0x00000007acb00000)
  from space 2560K, 98% used [0x00000007acb00000,0x00000007acd78020,0x00000007acd80000)
  to   space 2560K, 0% used [0x00000007aed80000,0x00000007aed80000,0x00000007af000000)
 ParOldGen       total 44032K, used 8071K [0x0000000780000000, 0x0000000782b00000, 0x00000007aab00000)
  object space 44032K, 18% used [0x0000000780000000,0x00000007807e1d18,0x0000000782b00000)
 Metaspace       used 20296K, capacity 21200K, committed 21296K, reserved 1067008K
  class space    used 2961K, capacity 3161K, committed 3200K, reserved 1048576K
Event: 3.727 GC heap after
Heap after GC invocations=4 (full 1):
 PSYoungGen      total 35328K, used 0K [0x00000007aab00000, 0x00000007af000000, 0x00000007c0000000)
  eden space 32768K, 0% used [0x00000007aab00000,0x00000007aab00000,0x00000007acb00000)
  from space 2560K, 0% used [0x00000007acb00000,0x00000007acb00000,0x00000007acd80000)
  to   space 2560K, 0% used [0x00000007aed80000,0x00000007aed80000,0x00000007af000000)
 ParOldGen       total 46080K, used 10220K [0x0000000780000000, 0x0000000782d00000, 0x00000007aab00000)
  object space 46080K, 22% used [0x0000000780000000,0x00000007809fb300,0x0000000782d00000)
 Metaspace       used 20295K, capacity 21198K, committed 21296K, reserved 1067008K
  class space    used 2960K, capacity 3160K, committed 3200K, reserved 1048576K
}
Event: 5.399 GC heap before
{Heap before GC invocations=5 (full 1):
 PSYoungGen      total 35328K, used 32768K [0x00000007aab00000, 0x00000007af000000, 0x00000007c0000000)
  eden space 32768K, 100% used [0x00000007aab00000,0x00000007acb00000,0x00000007acb00000)
  from space 2560K, 0% used [0x00000007acb00000,0x00000007acb00000,0x00000007acd80000)
  to   space 2560K, 0% used [0x00000007aed80000,0x00000007aed80000,0x00000007af000000)
 ParOldGen       total 46080K, used 10220K [0x0000000780000000, 0x0000000782d00000, 0x00000007aab00000)
  object space 46080K, 22% used [0x0000000780000000,0x00000007809fb300,0x0000000782d00000)
 Metaspace       used 21908K, capacity 22916K, committed 23168K, reserved 1069056K
  class space    used 3146K, capacity 3367K, committed 3456K, reserved 1048576K
Event: 5.407 GC heap after
Heap after GC invocations=5 (full 1):
 PSYoungGen      total 44544K, used 2557K [0x00000007aab00000, 0x00000007af000000, 0x00000007c0000000)
  eden space 41984K, 0% used [0x00000007aab00000,0x00000007aab00000,0x00000007ad400000)
  from space 2560K, 99% used [0x00000007aed80000,0x00000007aefff7a0,0x00000007af000000)
  to   space 2560K, 0% used [0x00000007aeb00000,0x00000007aeb00000,0x00000007aed80000)
 ParOldGen       total 46080K, used 14461K [0x0000000780000000, 0x0000000782d00000, 0x00000007aab00000)
  object space 46080K, 31% used [0x0000000780000000,0x0000000780e1f528,0x0000000782d00000)
 Metaspace       used 21908K, capacity 22916K, committed 23168K, reserved 1069056K
  class space    used 3146K, capacity 3367K, committed 3456K, reserved 1048576K
}
Event: 8.558 GC heap before
{Heap before GC invocations=6 (full 1):
 PSYoungGen      total 44544K, used 44541K [0x00000007aab00000, 0x00000007af000000, 0x00000007c0000000)
  eden space 41984K, 100% used [0x00000007aab00000,0x00000007ad400000,0x00000007ad400000)
  from space 2560K, 99% used [0x00000007aed80000,0x00000007aefff7a0,0x00000007af000000)
  to   space 2560K, 0% used [0x00000007aeb00000,0x00000007aeb00000,0x00000007aed80000)
 ParOldGen       total 46080K, used 14461K [0x0000000780000000, 0x0000000782d00000, 0x00000007aab00000)
  object space 46080K, 31% used [0x0000000780000000,0x0000000780e1f528,0x0000000782d00000)
 Metaspace       used 22682K, capacity 23752K, committed 23936K, reserved 1069056K
  class space    used 3165K, capacity 3377K, committed 3456K, reserved 1048576K
Event: 8.575 GC heap after
Heap after GC invocations=6 (full 1):
 PSYoungGen      total 55296K, used 2554K [0x00000007aab00000, 0x00000007af980000, 0x00000007c0000000)
  eden space 52736K, 0% used [0x00000007aab00000,0x00000007aab00000,0x00000007ade80000)
  from space 2560K, 99% used [0x00000007aeb00000,0x00000007aed7eb78,0x00000007aed80000)
  to   space 12288K, 0% used [0x00000007aed80000,0x00000007aed80000,0x00000007af980000)
 ParOldGen       total 46080K, used 24110K [0x0000000780000000, 0x0000000782d00000, 0x00000007aab00000)
  object space 46080K, 52% used [0x0000000780000000,0x000000078178bb30,0x0000000782d00000)
 Metaspace       used 22682K, capacity 23752K, committed 23936K, reserved 1069056K
  class space    used 3165K, capacity 3377K, committed 3456K, reserved 1048576K
}
Event: 10.988 GC heap before
{Heap before GC invocations=7 (full 1):
 PSYoungGen      total 55296K, used 40792K [0x00000007aab00000, 0x00000007af980000, 0x00000007c0000000)
  eden space 52736K, 72% used [0x00000007aab00000,0x00000007ad0575a0,0x00000007ade80000)
  from space 2560K, 99% used [0x00000007aeb00000,0x00000007aed7eb78,0x00000007aed80000)
  to   space 12288K, 0% used [0x00000007aed80000,0x00000007aed80000,0x00000007af980000)
 ParOldGen       total 46080K, used 24110K [0x0000000780000000, 0x0000000782d00000, 0x00000007aab00000)
  object space 46080K, 52% used [0x0000000780000000,0x000000078178bb30,0x0000000782d00000)
 Metaspace       used 22958K, capacity 24046K, committed 24192K, reserved 1071104K
  class space    used 3197K, capacity 3410K, committed 3456K, reserved 1048576K
Event: 11.025 GC heap after
Heap after GC invocations=7 (full 1):
 PSYoungGen      total 51712K, used 12280K [0x00000007aab00000, 0x00000007b2600000, 0x00000007c0000000)
  eden space 39424K, 0% used [0x00000007aab00000,0x00000007aab00000,0x00000007ad180000)
  from space 12288K, 99% used [0x00000007aed80000,0x00000007af97e3f0,0x00000007af980000)
  to   space 28672K, 0% used [0x00000007ad180000,0x00000007ad180000,0x00000007aed80000)
 ParOldGen       total 46592K, used 46231K [0x0000000780000000, 0x0000000782d80000, 0x00000007aab00000)
  object space 46592K, 99% used [0x0000000780000000,0x0000000782d25cb0,0x0000000782d80000)
 Metaspace       used 22958K, capacity 24046K, committed 24192K, reserved 1071104K
  class space    used 3197K, capacity 3410K, committed 3456K, reserved 1048576K
}
Event: 11.025 GC heap before
{Heap before GC invocations=8 (full 2):
 PSYoungGen      total 51712K, used 12280K [0x00000007aab00000, 0x00000007b2600000, 0x00000007c0000000)
  eden space 39424K, 0% used [0x00000007aab00000,0x00000007aab00000,0x00000007ad180000)
  from space 12288K, 99% used [0x00000007aed80000,0x00000007af97e3f0,0x00000007af980000)
  to   space 28672K, 0% used [0x00000007ad180000,0x00000007ad180000,0x00000007aed80000)
 ParOldGen       total 46592K, used 46231K [0x0000000780000000, 0x0000000782d80000, 0x00000007aab00000)
  object space 46592K, 99% used [0x0000000780000000,0x0000000782d25cb0,0x0000000782d80000)
 Metaspace       used 22958K, capacity 24046K, committed 24192K, reserved 1071104K
  class space    used 3197K, capacity 3410K, committed 3456K, reserved 1048576K
Event: 11.133 GC heap after
Heap after GC invocations=8 (full 2):
 PSYoungGen      total 51712K, used 9016K [0x00000007aab00000, 0x00000007b2600000, 0x00000007c0000000)
  eden space 39424K, 0% used [0x00000007aab00000,0x00000007aab00000,0x00000007ad180000)
  from space 12288K, 73% used [0x00000007aed80000,0x00000007af64e3b0,0x00000007af980000)
  to   space 28672K, 0% used [0x00000007ad180000,0x00000007ad180000,0x00000007aed80000)
 ParOldGen       total 112128K, used 44872K [0x0000000780000000, 0x0000000786d80000, 0x00000007aab00000)
  object space 112128K, 40% used [0x0000000780000000,0x0000000782bd2338,0x0000000786d80000)
 Metaspace       used 22947K, capacity 24028K, committed 24192K, reserved 1071104K
  class space    used 3196K, capacity 3407K, committed 3456K, reserved 1048576K
}

