# JRE version: Java(TM) SE Runtime Environment (8.0_25-b17) (build 1.8.0_25-b17)
# Java VM: Java HotSpot(TM) 64-Bit Server VM (25.25-b02 mixed mode bsd-amd64 compressed oops)
Heap:
 PSYoungGen      total 55808K, used 19439K [0x00000007aab00000, 0x00000007b0600000, 0x00000007c0000000)
  eden space 44544K, 18% used [0x00000007aab00000,0x00000007ab2fe4f8,0x00000007ad680000)
  from space 11264K, 99% used [0x00000007ad680000,0x00000007ae17d998,0x00000007ae180000)
  to   space 17408K, 0% used [0x00000007af500000,0x00000007af500000,0x00000007b0600000)
 ParOldGen       total 42496K, used 21129K [0x0000000780000000, 0x0000000782980000, 0x00000007aab00000)
  object space 42496K, 49% used [0x0000000780000000,0x00000007814a27c0,0x0000000782980000)
 Metaspace       used 23142K, capacity 24236K, committed 24448K, reserved 1071104K
  class space    used 3171K, capacity 3385K, committed 3456K, reserved 1048576K
GC Heap History (10 events):
Event: 3.248 GC heap before
{Heap before GC invocations=4 (full 0):
 PSYoungGen      total 18944K, used 6161K [0x00000007aab00000, 0x00000007ad000000, 0x00000007c0000000)
  eden space 16384K, 22% used [0x00000007aab00000,0x00000007aae886d0,0x00000007abb00000)
  from space 2560K, 99% used [0x00000007abb00000,0x00000007abd7c030,0x00000007abd80000)
  to   space 2560K, 0% used [0x00000007acd80000,0x00000007acd80000,0x00000007ad000000)
 ParOldGen       total 44032K, used 8995K [0x0000000780000000, 0x0000000782b00000, 0x00000007aab00000)
  object space 44032K, 20% used [0x0000000780000000,0x00000007808c8e68,0x0000000782b00000)
 Metaspace       used 20260K, capacity 21154K, committed 21296K, reserved 1067008K
  class space    used 2937K, capacity 3148K, committed 3200K, reserved 1048576K
Event: 3.256 GC heap after
Heap after GC invocations=4 (full 0):
 PSYoungGen      total 35328K, used 2544K [0x00000007aab00000, 0x00000007ad000000, 0x00000007c0000000)
  eden space 32768K, 0% used [0x00000007aab00000,0x00000007aab00000,0x00000007acb00000)
  from space 2560K, 99% used [0x00000007acd80000,0x00000007acffc030,0x00000007ad000000)
  to   space 2560K, 0% used [0x00000007acb00000,0x00000007acb00000,0x00000007acd80000)
 ParOldGen       total 44032K, used 9820K [0x0000000780000000, 0x0000000782b00000, 0x00000007aab00000)
  object space 44032K, 22% used [0x0000000780000000,0x0000000780997168,0x0000000782b00000)
 Metaspace       used 20260K, capacity 21154K, committed 21296K, reserved 1067008K
  class space    used 2937K, capacity 3148K, committed 3200K, reserved 1048576K
}
Event: 3.256 GC heap before
{Heap before GC invocations=5 (full 1):
 PSYoungGen      total 35328K, used 2544K [0x00000007aab00000, 0x00000007ad000000, 0x00000007c0000000)
  eden space 32768K, 0% used [0x00000007aab00000,0x00000007aab00000,0x00000007acb00000)
  from space 2560K, 99% used [0x00000007acd80000,0x00000007acffc030,0x00000007ad000000)
  to   space 2560K, 0% used [0x00000007acb00000,0x00000007acb00000,0x00000007acd80000)
 ParOldGen       total 44032K, used 9820K [0x0000000780000000, 0x0000000782b00000, 0x00000007aab00000)
  object space 44032K, 22% used [0x0000000780000000,0x0000000780997168,0x0000000782b00000)
 Metaspace       used 20260K, capacity 21154K, committed 21296K, reserved 1067008K
  class space    used 2937K, capacity 3148K, committed 3200K, reserved 1048576K
Event: 3.305 GC heap after
Heap after GC invocations=5 (full 1):
 PSYoungGen      total 35328K, used 0K [0x00000007aab00000, 0x00000007ad000000, 0x00000007c0000000)
  eden space 32768K, 0% used [0x00000007aab00000,0x00000007aab00000,0x00000007acb00000)
  from space 2560K, 0% used [0x00000007acd80000,0x00000007acd80000,0x00000007ad000000)
  to   space 2560K, 0% used [0x00000007acb00000,0x00000007acb00000,0x00000007acd80000)
 ParOldGen       total 42496K, used 9491K [0x0000000780000000, 0x0000000782980000, 0x00000007aab00000)
  object space 42496K, 22% used [0x0000000780000000,0x0000000780944d28,0x0000000782980000)
 Metaspace       used 20259K, capacity 21152K, committed 21296K, reserved 1067008K
  class space    used 2936K, capacity 3147K, committed 3200K, reserved 1048576K
}
Event: 4.875 GC heap before
{Heap before GC invocations=6 (full 1):
 PSYoungGen      total 35328K, used 32768K [0x00000007aab00000, 0x00000007ad000000, 0x00000007c0000000)
  eden space 32768K, 100% used [0x00000007aab00000,0x00000007acb00000,0x00000007acb00000)
  from space 2560K, 0% used [0x00000007acd80000,0x00000007acd80000,0x00000007ad000000)
  to   space 2560K, 0% used [0x00000007acb00000,0x00000007acb00000,0x00000007acd80000)
 ParOldGen       total 42496K, used 9491K [0x0000000780000000, 0x0000000782980000, 0x00000007aab00000)
  object space 42496K, 22% used [0x0000000780000000,0x0000000780944d28,0x0000000782980000)
 Metaspace       used 21729K, capacity 22746K, committed 22784K, reserved 1069056K
  class space    used 3113K, capacity 3320K, committed 3328K, reserved 1048576K
Event: 4.881 GC heap after
Heap after GC invocations=6 (full 1):
 PSYoungGen      total 35328K, used 2540K [0x00000007aab00000, 0x00000007aec80000, 0x00000007c0000000)
  eden space 32768K, 0% used [0x00000007aab00000,0x00000007aab00000,0x00000007acb00000)
  from space 2560K, 99% used [0x00000007acb00000,0x00000007acd7b320,0x00000007acd80000)
  to   space 10240K, 0% used [0x00000007ae280000,0x00000007ae280000,0x00000007aec80000)
 ParOldGen       total 42496K, used 13368K [0x0000000780000000, 0x0000000782980000, 0x00000007aab00000)
  object space 42496K, 31% used [0x0000000780000000,0x0000000780d0e2e8,0x0000000782980000)
 Metaspace       used 21729K, capacity 22746K, committed 22784K, reserved 1069056K
  class space    used 3113K, capacity 3320K, committed 3328K, reserved 1048576K
}
Event: 9.598 GC heap before
{Heap before GC invocations=7 (full 1):
 PSYoungGen      total 35328K, used 35308K [0x00000007aab00000, 0x00000007aec80000, 0x00000007c0000000)
  eden space 32768K, 100% used [0x00000007aab00000,0x00000007acb00000,0x00000007acb00000)
  from space 2560K, 99% used [0x00000007acb00000,0x00000007acd7b320,0x00000007acd80000)
  to   space 10240K, 0% used [0x00000007ae280000,0x00000007ae280000,0x00000007aec80000)
 ParOldGen       total 42496K, used 13368K [0x0000000780000000, 0x0000000782980000, 0x00000007aab00000)
  object space 42496K, 31% used [0x0000000780000000,0x0000000780d0e2e8,0x0000000782980000)
 Metaspace       used 22555K, capacity 23624K, committed 23936K, reserved 1069056K
  class space    used 3139K, capacity 3365K, committed 3456K, reserved 1048576K
Event: 9.606 GC heap after
Heap after GC invocations=7 (full 1):
 PSYoungGen      total 54784K, used 8949K [0x00000007aab00000, 0x00000007aec80000, 0x00000007c0000000)
  eden space 44544K, 0% used [0x00000007aab00000,0x00000007aab00000,0x00000007ad680000)
  from space 10240K, 87% used [0x00000007ae280000,0x00000007aeb3d680,0x00000007aec80000)
  to   space 11264K, 0% used [0x00000007ad680000,0x00000007ad680000,0x00000007ae180000)
 ParOldGen       total 42496K, used 13376K [0x0000000780000000, 0x0000000782980000, 0x00000007aab00000)
  object space 42496K, 31% used [0x0000000780000000,0x0000000780d102e8,0x0000000782980000)
 Metaspace       used 22555K, capacity 23624K, committed 23936K, reserved 1069056K
  class space    used 3139K, capacity 3365K, committed 3456K, reserved 1048576K
}
Event: 18.581 GC heap before
{Heap before GC invocations=8 (full 1):
 PSYoungGen      total 54784K, used 53493K [0x00000007aab00000, 0x00000007aec80000, 0x00000007c0000000)
  eden space 44544K, 100% used [0x00000007aab00000,0x00000007ad680000,0x00000007ad680000)
  from space 10240K, 87% used [0x00000007ae280000,0x00000007aeb3d680,0x00000007aec80000)
  to   space 11264K, 0% used [0x00000007ad680000,0x00000007ad680000,0x00000007ae180000)
 ParOldGen       total 42496K, used 13376K [0x0000000780000000, 0x0000000782980000, 0x00000007aab00000)
  object space 42496K, 31% used [0x0000000780000000,0x0000000780d102e8,0x0000000782980000)
 Metaspace       used 23101K, capacity 24206K, committed 24448K, reserved 1071104K
  class space    used 3165K, capacity 3378K, committed 3456K, reserved 1048576K
Event: 18.595 GC heap after
Heap after GC invocations=8 (full 1):
 PSYoungGen      total 55808K, used 11254K [0x00000007aab00000, 0x00000007b0600000, 0x00000007c0000000)
  eden space 44544K, 0% used [0x00000007aab00000,0x00000007aab00000,0x00000007ad680000)
  from space 11264K, 99% used [0x00000007ad680000,0x00000007ae17d998,0x00000007ae180000)
  to   space 17408K, 0% used [0x00000007af500000,0x00000007af500000,0x00000007b0600000)
 ParOldGen       total 42496K, used 21129K [0x0000000780000000, 0x0000000782980000, 0x00000007aab00000)
  object space 42496K, 49% used [0x0000000780000000,0x00000007814a27c0,0x0000000782980000)
 Metaspace       used 23101K, capacity 24206K, committed 24448K, reserved 1071104K
  class space    used 3165K, capacity 3378K, committed 3456K, reserved 1048576K
}

