# JRE version: Java(TM) SE Runtime Environment (8.0_25-b17) (build 1.8.0_25-b17)
# Java VM: Java HotSpot(TM) 64-Bit Server VM (25.25-b02 mixed mode bsd-amd64 compressed oops)
Heap:
 PSYoungGen      total 50688K, used 21527K [0x00000007aab00000, 0x00000007ae900000, 0x00000007c0000000)
  eden space 39936K, 53% used [0x00000007aab00000,0x00000007ac005c38,0x00000007ad200000)
  from space 10752K, 0% used [0x00000007ade80000,0x00000007ade80000,0x00000007ae900000)
  to   space 11776K, 0% used [0x00000007ad200000,0x00000007ad200000,0x00000007add80000)
 ParOldGen       total 102912K, used 39139K [0x0000000780000000, 0x0000000786480000, 0x00000007aab00000)
  object space 102912K, 38% used [0x0000000780000000,0x0000000782638f50,0x0000000786480000)
 Metaspace       used 22973K, capacity 24038K, committed 24192K, reserved 1071104K
  class space    used 3193K, capacity 3406K, committed 3456K, reserved 1048576K
GC Heap History (10 events):
Event: 3.496 GC heap before
{Heap before GC invocations=4 (full 1):
 PSYoungGen      total 35328K, used 2544K [0x00000007aab00000, 0x00000007ad000000, 0x00000007c0000000)
  eden space 32768K, 0% used [0x00000007aab00000,0x00000007aab00000,0x00000007acb00000)
  from space 2560K, 99% used [0x00000007acb00000,0x00000007acd7c030,0x00000007acd80000)
  to   space 2560K, 0% used [0x00000007acd80000,0x00000007acd80000,0x00000007ad000000)
 ParOldGen       total 44032K, used 8020K [0x0000000780000000, 0x0000000782b00000, 0x00000007aab00000)
  object space 44032K, 18% used [0x0000000780000000,0x00000007807d51d0,0x0000000782b00000)
 Metaspace       used 20308K, capacity 21168K, committed 21296K, reserved 1067008K
  class space    used 2955K, capacity 3129K, committed 3200K, reserved 1048576K
Event: 3.586 GC heap after
Heap after GC invocations=4 (full 1):
 PSYoungGen      total 35328K, used 0K [0x00000007aab00000, 0x00000007ad000000, 0x00000007c0000000)
  eden space 32768K, 0% used [0x00000007aab00000,0x00000007aab00000,0x00000007acb00000)
  from space 2560K, 0% used [0x00000007acb00000,0x00000007acb00000,0x00000007acd80000)
  to   space 2560K, 0% used [0x00000007acd80000,0x00000007acd80000,0x00000007ad000000)
 ParOldGen       total 46080K, used 10218K [0x0000000780000000, 0x0000000782d00000, 0x00000007aab00000)
  object space 46080K, 22% used [0x0000000780000000,0x00000007809fabc0,0x0000000782d00000)
 Metaspace       used 20306K, capacity 21166K, committed 21296K, reserved 1067008K
  class space    used 2954K, capacity 3128K, committed 3200K, reserved 1048576K
}
Event: 5.224 GC heap before
{Heap before GC invocations=5 (full 1):
 PSYoungGen      total 35328K, used 32768K [0x00000007aab00000, 0x00000007ad000000, 0x00000007c0000000)
  eden space 32768K, 100% used [0x00000007aab00000,0x00000007acb00000,0x00000007acb00000)
  from space 2560K, 0% used [0x00000007acb00000,0x00000007acb00000,0x00000007acd80000)
  to   space 2560K, 0% used [0x00000007acd80000,0x00000007acd80000,0x00000007ad000000)
 ParOldGen       total 46080K, used 10218K [0x0000000780000000, 0x0000000782d00000, 0x00000007aab00000)
  object space 46080K, 22% used [0x0000000780000000,0x00000007809fabc0,0x0000000782d00000)
 Metaspace       used 21988K, capacity 22998K, committed 23168K, reserved 1069056K
  class space    used 3145K, capacity 3370K, committed 3456K, reserved 1048576K
Event: 5.231 GC heap after
Heap after GC invocations=5 (full 1):
 PSYoungGen      total 35328K, used 2551K [0x00000007aab00000, 0x00000007ad880000, 0x00000007c0000000)
  eden space 32768K, 0% used [0x00000007aab00000,0x00000007aab00000,0x00000007acb00000)
  from space 2560K, 99% used [0x00000007acd80000,0x00000007acffdd40,0x00000007ad000000)
  to   space 2560K, 0% used [0x00000007acb00000,0x00000007acb00000,0x00000007acd80000)
 ParOldGen       total 46080K, used 13734K [0x0000000780000000, 0x0000000782d00000, 0x00000007aab00000)
  object space 46080K, 29% used [0x0000000780000000,0x0000000780d69bb0,0x0000000782d00000)
 Metaspace       used 21988K, capacity 22998K, committed 23168K, reserved 1069056K
  class space    used 3145K, capacity 3370K, committed 3456K, reserved 1048576K
}
Event: 8.830 GC heap before
{Heap before GC invocations=6 (full 1):
 PSYoungGen      total 35328K, used 35319K [0x00000007aab00000, 0x00000007ad880000, 0x00000007c0000000)
  eden space 32768K, 100% used [0x00000007aab00000,0x00000007acb00000,0x00000007acb00000)
  from space 2560K, 99% used [0x00000007acd80000,0x00000007acffdd40,0x00000007ad000000)
  to   space 2560K, 0% used [0x00000007acb00000,0x00000007acb00000,0x00000007acd80000)
 ParOldGen       total 46080K, used 13734K [0x0000000780000000, 0x0000000782d00000, 0x00000007aab00000)
  object space 46080K, 29% used [0x0000000780000000,0x0000000780d69bb0,0x0000000782d00000)
 Metaspace       used 22736K, capacity 23848K, committed 23936K, reserved 1069056K
  class space    used 3165K, capacity 3379K, committed 3456K, reserved 1048576K
Event: 8.840 GC heap after
Heap after GC invocations=6 (full 1):
 PSYoungGen      total 35328K, used 2536K [0x00000007aab00000, 0x00000007aea80000, 0x00000007c0000000)
  eden space 32768K, 0% used [0x00000007aab00000,0x00000007aab00000,0x00000007acb00000)
  from space 2560K, 99% used [0x00000007acb00000,0x00000007acd7a078,0x00000007acd80000)
  to   space 12288K, 0% used [0x00000007ade80000,0x00000007ade80000,0x00000007aea80000)
 ParOldGen       total 46080K, used 21439K [0x0000000780000000, 0x0000000782d00000, 0x00000007aab00000)
  object space 46080K, 46% used [0x0000000780000000,0x00000007814efc38,0x0000000782d00000)
 Metaspace       used 22736K, capacity 23848K, committed 23936K, reserved 1069056K
  class space    used 3165K, capacity 3379K, committed 3456K, reserved 1048576K
}
Event: 11.050 GC heap before
{Heap before GC invocations=7 (full 1):
 PSYoungGen      total 35328K, used 34009K [0x00000007aab00000, 0x00000007aea80000, 0x00000007c0000000)
  eden space 32768K, 96% used [0x00000007aab00000,0x00000007ac9bc4b8,0x00000007acb00000)
  from space 2560K, 99% used [0x00000007acb00000,0x00000007acd7a078,0x00000007acd80000)
  to   space 12288K, 0% used [0x00000007ade80000,0x00000007ade80000,0x00000007aea80000)
 ParOldGen       total 46080K, used 21439K [0x0000000780000000, 0x0000000782d00000, 0x00000007aab00000)
  object space 46080K, 46% used [0x0000000780000000,0x00000007814efc38,0x0000000782d00000)
 Metaspace       used 22975K, capacity 24074K, committed 24192K, reserved 1071104K
  class space    used 3196K, capacity 3412K, committed 3456K, reserved 1048576K
Event: 11.065 GC heap after
Heap after GC invocations=7 (full 1):
 PSYoungGen      total 50688K, used 7227K [0x00000007aab00000, 0x00000007ae900000, 0x00000007c0000000)
  eden space 39936K, 0% used [0x00000007aab00000,0x00000007aab00000,0x00000007ad200000)
  from space 10752K, 67% used [0x00000007ade80000,0x00000007ae58ee80,0x00000007ae900000)
  to   space 11776K, 0% used [0x00000007ad200000,0x00000007ad200000,0x00000007add80000)
 ParOldGen       total 46080K, used 36318K [0x0000000780000000, 0x0000000782d00000, 0x00000007aab00000)
  object space 46080K, 78% used [0x0000000780000000,0x0000000782377b88,0x0000000782d00000)
 Metaspace       used 22975K, capacity 24074K, committed 24192K, reserved 1071104K
  class space    used 3196K, capacity 3412K, committed 3456K, reserved 1048576K
}
Event: 11.065 GC heap before
{Heap before GC invocations=8 (full 2):
 PSYoungGen      total 50688K, used 7227K [0x00000007aab00000, 0x00000007ae900000, 0x00000007c0000000)
  eden space 39936K, 0% used [0x00000007aab00000,0x00000007aab00000,0x00000007ad200000)
  from space 10752K, 67% used [0x00000007ade80000,0x00000007ae58ee80,0x00000007ae900000)
  to   space 11776K, 0% used [0x00000007ad200000,0x00000007ad200000,0x00000007add80000)
 ParOldGen       total 46080K, used 36318K [0x0000000780000000, 0x0000000782d00000, 0x00000007aab00000)
  object space 46080K, 78% used [0x0000000780000000,0x0000000782377b88,0x0000000782d00000)
 Metaspace       used 22975K, capacity 24074K, committed 24192K, reserved 1071104K
  class space    used 3196K, capacity 3412K, committed 3456K, reserved 1048576K
Event: 11.145 GC heap after
Heap after GC invocations=8 (full 2):
 PSYoungGen      total 50688K, used 0K [0x00000007aab00000, 0x00000007ae900000, 0x00000007c0000000)
  eden space 39936K, 0% used [0x00000007aab00000,0x00000007aab00000,0x00000007ad200000)
  from space 10752K, 0% used [0x00000007ade80000,0x00000007ade80000,0x00000007ae900000)
  to   space 11776K, 0% used [0x00000007ad200000,0x00000007ad200000,0x00000007add80000)
 ParOldGen       total 102912K, used 39139K [0x0000000780000000, 0x0000000786480000, 0x00000007aab00000)
  object space 102912K, 38% used [0x0000000780000000,0x0000000782638f50,0x0000000786480000)
 Metaspace       used 22953K, capacity 24038K, committed 24192K, reserved 1071104K
  class space    used 3193K, capacity 3406K, committed 3456K, reserved 1048576K
}

