# JRE version: Java(TM) SE Runtime Environment (8.0_25-b17) (build 1.8.0_25-b17)
# Java VM: Java HotSpot(TM) 64-Bit Server VM (25.25-b02 mixed mode bsd-amd64 compressed oops)
Heap:
 PSYoungGen      total 51200K, used 24364K [0x00000007aab00000, 0x00000007b0500000, 0x00000007c0000000)
  eden space 28672K, 7% used [0x00000007aab00000,0x00000007aad2bad8,0x00000007ac700000)
  from space 22528K, 98% used [0x00000007ae100000,0x00000007af69f7a8,0x00000007af700000)
  to   space 26624K, 0% used [0x00000007ac700000,0x00000007ac700000,0x00000007ae100000)
 ParOldGen       total 92672K, used 43799K [0x0000000780000000, 0x0000000785a80000, 0x00000007aab00000)
  object space 92672K, 47% used [0x0000000780000000,0x0000000782ac5e70,0x0000000785a80000)
 Metaspace       used 23043K, capacity 24106K, committed 24192K, reserved 1071104K
  class space    used 3193K, capacity 3406K, committed 3456K, reserved 1048576K
GC Heap History (10 events):
Event: 9.292 GC heap before
{Heap before GC invocations=8 (full 1):
 PSYoungGen      total 28160K, used 27393K [0x00000007aab00000, 0x00000007ad300000, 0x00000007c0000000)
  eden space 20480K, 100% used [0x00000007aab00000,0x00000007abf00000,0x00000007abf00000)
  from space 7680K, 90% used [0x00000007ac780000,0x00000007ace406d0,0x00000007acf00000)
  to   space 8704K, 0% used [0x00000007abf00000,0x00000007abf00000,0x00000007ac780000)
 ParOldGen       total 43008K, used 10430K [0x0000000780000000, 0x0000000782a00000, 0x00000007aab00000)
  object space 43008K, 24% used [0x0000000780000000,0x0000000780a2f9d8,0x0000000782a00000)
 Metaspace       used 22744K, capacity 23836K, committed 23936K, reserved 1069056K
  class space    used 3165K, capacity 3379K, committed 3456K, reserved 1048576K
Event: 9.303 GC heap after
Heap after GC invocations=8 (full 1):
 PSYoungGen      total 29184K, used 8702K [0x00000007aab00000, 0x00000007adc80000, 0x00000007c0000000)
  eden space 20480K, 0% used [0x00000007aab00000,0x00000007aab00000,0x00000007abf00000)
  from space 8704K, 99% used [0x00000007abf00000,0x00000007ac77fb98,0x00000007ac780000)
  to   space 11264K, 0% used [0x00000007ad180000,0x00000007ad180000,0x00000007adc80000)
 ParOldGen       total 43008K, used 12155K [0x0000000780000000, 0x0000000782a00000, 0x00000007aab00000)
  object space 43008K, 28% used [0x0000000780000000,0x0000000780bdee60,0x0000000782a00000)
 Metaspace       used 22744K, capacity 23836K, committed 23936K, reserved 1069056K
  class space    used 3165K, capacity 3379K, committed 3456K, reserved 1048576K
}
Event: 9.852 GC heap before
{Heap before GC invocations=9 (full 1):
 PSYoungGen      total 29184K, used 29180K [0x00000007aab00000, 0x00000007adc80000, 0x00000007c0000000)
  eden space 20480K, 99% used [0x00000007aab00000,0x00000007abeff708,0x00000007abf00000)
  from space 8704K, 99% used [0x00000007abf00000,0x00000007ac77fb98,0x00000007ac780000)
  to   space 11264K, 0% used [0x00000007ad180000,0x00000007ad180000,0x00000007adc80000)
 ParOldGen       total 43008K, used 12155K [0x0000000780000000, 0x0000000782a00000, 0x00000007aab00000)
  object space 43008K, 28% used [0x0000000780000000,0x0000000780bdee60,0x0000000782a00000)
 Metaspace       used 22830K, capacity 23900K, committed 24192K, reserved 1071104K
  class space    used 3166K, capacity 3379K, committed 3456K, reserved 1048576K
Event: 9.863 GC heap after
Heap after GC invocations=9 (full 1):
 PSYoungGen      total 37376K, used 11258K [0x00000007aab00000, 0x00000007ae180000, 0x00000007c0000000)
  eden space 26112K, 0% used [0x00000007aab00000,0x00000007aab00000,0x00000007ac480000)
  from space 11264K, 99% used [0x00000007ad180000,0x00000007adc7ea78,0x00000007adc80000)
  to   space 13312K, 0% used [0x00000007ac480000,0x00000007ac480000,0x00000007ad180000)
 ParOldGen       total 43008K, used 13242K [0x0000000780000000, 0x0000000782a00000, 0x00000007aab00000)
  object space 43008K, 30% used [0x0000000780000000,0x0000000780ceeba0,0x0000000782a00000)
 Metaspace       used 22830K, capacity 23900K, committed 24192K, reserved 1071104K
  class space    used 3166K, capacity 3379K, committed 3456K, reserved 1048576K
}
Event: 11.079 GC heap before
{Heap before GC invocations=10 (full 1):
 PSYoungGen      total 37376K, used 35664K [0x00000007aab00000, 0x00000007ae180000, 0x00000007c0000000)
  eden space 26112K, 93% used [0x00000007aab00000,0x00000007ac2d56d8,0x00000007ac480000)
  from space 11264K, 99% used [0x00000007ad180000,0x00000007adc7ea78,0x00000007adc80000)
  to   space 13312K, 0% used [0x00000007ac480000,0x00000007ac480000,0x00000007ad180000)
 ParOldGen       total 43008K, used 13242K [0x0000000780000000, 0x0000000782a00000, 0x00000007aab00000)
  object space 43008K, 30% used [0x0000000780000000,0x0000000780ceeba0,0x0000000782a00000)
 Metaspace       used 23063K, capacity 24142K, committed 24192K, reserved 1071104K
  class space    used 3196K, capacity 3412K, committed 3456K, reserved 1048576K
Event: 11.093 GC heap after
Heap after GC invocations=10 (full 1):
 PSYoungGen      total 39424K, used 13304K [0x00000007aab00000, 0x00000007af700000, 0x00000007c0000000)
  eden space 26112K, 0% used [0x00000007aab00000,0x00000007aab00000,0x00000007ac480000)
  from space 13312K, 99% used [0x00000007ac480000,0x00000007ad17e200,0x00000007ad180000)
  to   space 22528K, 0% used [0x00000007ae100000,0x00000007ae100000,0x00000007af700000)
 ParOldGen       total 43008K, used 30815K [0x0000000780000000, 0x0000000782a00000, 0x00000007aab00000)
  object space 43008K, 71% used [0x0000000780000000,0x0000000781e17dd0,0x0000000782a00000)
 Metaspace       used 23063K, capacity 24142K, committed 24192K, reserved 1071104K
  class space    used 3196K, capacity 3412K, committed 3456K, reserved 1048576K
}
Event: 11.282 GC heap before
{Heap before GC invocations=11 (full 1):
 PSYoungGen      total 39424K, used 38119K [0x00000007aab00000, 0x00000007af700000, 0x00000007c0000000)
  eden space 26112K, 95% used [0x00000007aab00000,0x00000007ac33bac0,0x00000007ac480000)
  from space 13312K, 99% used [0x00000007ac480000,0x00000007ad17e200,0x00000007ad180000)
  to   space 22528K, 0% used [0x00000007ae100000,0x00000007ae100000,0x00000007af700000)
 ParOldGen       total 43008K, used 30815K [0x0000000780000000, 0x0000000782a00000, 0x00000007aab00000)
  object space 43008K, 71% used [0x0000000780000000,0x0000000781e17dd0,0x0000000782a00000)
 Metaspace       used 23064K, capacity 24142K, committed 24192K, reserved 1071104K
  class space    used 3196K, capacity 3412K, committed 3456K, reserved 1048576K
Event: 11.333 GC heap after
Heap after GC invocations=11 (full 1):
 PSYoungGen      total 51200K, used 22465K [0x00000007aab00000, 0x00000007b0500000, 0x00000007c0000000)
  eden space 28672K, 0% used [0x00000007aab00000,0x00000007aab00000,0x00000007ac700000)
  from space 22528K, 99% used [0x00000007ae100000,0x00000007af6f0740,0x00000007af700000)
  to   space 26624K, 0% used [0x00000007ac700000,0x00000007ac700000,0x00000007ae100000)
 ParOldGen       total 47616K, used 46227K [0x0000000780000000, 0x0000000782e80000, 0x00000007aab00000)
  object space 47616K, 97% used [0x0000000780000000,0x0000000782d24e40,0x0000000782e80000)
 Metaspace       used 23064K, capacity 24142K, committed 24192K, reserved 1071104K
  class space    used 3196K, capacity 3412K, committed 3456K, reserved 1048576K
}
Event: 11.333 GC heap before
{Heap before GC invocations=12 (full 2):
 PSYoungGen      total 51200K, used 22465K [0x00000007aab00000, 0x00000007b0500000, 0x00000007c0000000)
  eden space 28672K, 0% used [0x00000007aab00000,0x00000007aab00000,0x00000007ac700000)
  from space 22528K, 99% used [0x00000007ae100000,0x00000007af6f0740,0x00000007af700000)
  to   space 26624K, 0% used [0x00000007ac700000,0x00000007ac700000,0x00000007ae100000)
 ParOldGen       total 47616K, used 46227K [0x0000000780000000, 0x0000000782e80000, 0x00000007aab00000)
  object space 47616K, 97% used [0x0000000780000000,0x0000000782d24e40,0x0000000782e80000)
 Metaspace       used 23064K, capacity 24142K, committed 24192K, reserved 1071104K
  class space    used 3196K, capacity 3412K, committed 3456K, reserved 1048576K
Event: 11.454 GC heap after
Heap after GC invocations=12 (full 2):
 PSYoungGen      total 51200K, used 22141K [0x00000007aab00000, 0x00000007b0500000, 0x00000007c0000000)
  eden space 28672K, 0% used [0x00000007aab00000,0x00000007aab00000,0x00000007ac700000)
  from space 22528K, 98% used [0x00000007ae100000,0x00000007af69f7a8,0x00000007af700000)
  to   space 26624K, 0% used [0x00000007ac700000,0x00000007ac700000,0x00000007ae100000)
 ParOldGen       total 92672K, used 43799K [0x0000000780000000, 0x0000000785a80000, 0x00000007aab00000)
  object space 92672K, 47% used [0x0000000780000000,0x0000000782ac5e70,0x0000000785a80000)
 Metaspace       used 23041K, capacity 24106K, committed 24192K, reserved 1071104K
  class space    used 3193K, capacity 3406K, committed 3456K, reserved 1048576K
}

