# JRE version: Java(TM) SE Runtime Environment (8.0_25-b17) (build 1.8.0_25-b17)
# Java VM: Java HotSpot(TM) 64-Bit Server VM (25.25-b02 mixed mode bsd-amd64 compressed oops)
Heap:
 PSYoungGen      total 54784K, used 43536K [0x00000007aab00000, 0x00000007b0300000, 0x00000007c0000000)
  eden space 26624K, 75% used [0x00000007aab00000,0x00000007abea6788,0x00000007ac500000)
  from space 28160K, 83% used [0x00000007ae300000,0x00000007af9dd888,0x00000007afe80000)
  to   space 30720K, 0% used [0x00000007ac500000,0x00000007ac500000,0x00000007ae300000)
 ParOldGen       total 186880K, used 149114K [0x0000000780000000, 0x000000078b680000, 0x00000007aab00000)
  object space 186880K, 79% used [0x0000000780000000,0x000000078919ebe8,0x000000078b680000)
 Metaspace       used 23535K, capacity 24668K, committed 24960K, reserved 1071104K
  class space    used 3206K, capacity 3442K, committed 3456K, reserved 1048576K
GC Heap History (10 events):
Event: 10.486 GC heap before
{Heap before GC invocations=11 (full 2):
 PSYoungGen      total 33280K, used 30285K [0x00000007aab00000, 0x00000007ae780000, 0x00000007c0000000)
  eden space 20992K, 85% used [0x00000007aab00000,0x00000007abc94708,0x00000007abf80000)
  from space 12288K, 99% used [0x00000007ad080000,0x00000007adc7eeb8,0x00000007adc80000)
  to   space 17408K, 0% used [0x00000007abf80000,0x00000007abf80000,0x00000007ad080000)
 ParOldGen       total 114176K, used 88365K [0x0000000780000000, 0x0000000786f80000, 0x00000007aab00000)
  object space 114176K, 77% used [0x0000000780000000,0x000000078564b478,0x0000000786f80000)
 Metaspace       used 22923K, capacity 23962K, committed 24192K, reserved 1071104K
  class space    used 3195K, capacity 3407K, committed 3456K, reserved 1048576K
Event: 10.494 GC heap after
Heap after GC invocations=11 (full 2):
 PSYoungGen      total 38400K, used 17380K [0x00000007aab00000, 0x00000007aef00000, 0x00000007c0000000)
  eden space 20992K, 0% used [0x00000007aab00000,0x00000007aab00000,0x00000007abf80000)
  from space 17408K, 99% used [0x00000007abf80000,0x00000007ad0793f0,0x00000007ad080000)
  to   space 22016K, 0% used [0x00000007ad980000,0x00000007ad980000,0x00000007aef00000)
 ParOldGen       total 114176K, used 92407K [0x0000000780000000, 0x0000000786f80000, 0x00000007aab00000)
  object space 114176K, 80% used [0x0000000780000000,0x0000000785a3dcc8,0x0000000786f80000)
 Metaspace       used 22923K, capacity 23962K, committed 24192K, reserved 1071104K
  class space    used 3195K, capacity 3407K, committed 3456K, reserved 1048576K
}
Event: 10.677 GC heap before
{Heap before GC invocations=12 (full 2):
 PSYoungGen      total 38400K, used 37652K [0x00000007aab00000, 0x00000007aef00000, 0x00000007c0000000)
  eden space 20992K, 96% used [0x00000007aab00000,0x00000007abecbdd8,0x00000007abf80000)
  from space 17408K, 99% used [0x00000007abf80000,0x00000007ad0793f0,0x00000007ad080000)
  to   space 22016K, 0% used [0x00000007ad980000,0x00000007ad980000,0x00000007aef00000)
 ParOldGen       total 114176K, used 92407K [0x0000000780000000, 0x0000000786f80000, 0x00000007aab00000)
  object space 114176K, 80% used [0x0000000780000000,0x0000000785a3dcc8,0x0000000786f80000)
 Metaspace       used 22941K, capacity 23962K, committed 24192K, reserved 1071104K
  class space    used 3195K, capacity 3407K, committed 3456K, reserved 1048576K
Event: 10.710 GC heap after
Heap after GC invocations=12 (full 2):
 PSYoungGen      total 44032K, used 21632K [0x00000007aab00000, 0x00000007afa00000, 0x00000007c0000000)
  eden space 22016K, 0% used [0x00000007aab00000,0x00000007aab00000,0x00000007ac080000)
  from space 22016K, 98% used [0x00000007ad980000,0x00000007aeea0318,0x00000007aef00000)
  to   space 25600K, 0% used [0x00000007ac080000,0x00000007ac080000,0x00000007ad980000)
 ParOldGen       total 114176K, used 107578K [0x0000000780000000, 0x0000000786f80000, 0x00000007aab00000)
  object space 114176K, 94% used [0x0000000780000000,0x000000078690e9a8,0x0000000786f80000)
 Metaspace       used 22941K, capacity 23962K, committed 24192K, reserved 1071104K
  class space    used 3195K, capacity 3407K, committed 3456K, reserved 1048576K
}
Event: 10.710 GC heap before
{Heap before GC invocations=13 (full 3):
 PSYoungGen      total 44032K, used 21632K [0x00000007aab00000, 0x00000007afa00000, 0x00000007c0000000)
  eden space 22016K, 0% used [0x00000007aab00000,0x00000007aab00000,0x00000007ac080000)
  from space 22016K, 98% used [0x00000007ad980000,0x00000007aeea0318,0x00000007aef00000)
  to   space 25600K, 0% used [0x00000007ac080000,0x00000007ac080000,0x00000007ad980000)
 ParOldGen       total 114176K, used 107578K [0x0000000780000000, 0x0000000786f80000, 0x00000007aab00000)
  object space 114176K, 94% used [0x0000000780000000,0x000000078690e9a8,0x0000000786f80000)
 Metaspace       used 22941K, capacity 23962K, committed 24192K, reserved 1071104K
  class space    used 3195K, capacity 3407K, committed 3456K, reserved 1048576K
Event: 10.849 GC heap after
Heap after GC invocations=13 (full 3):
 PSYoungGen      total 44032K, used 12838K [0x00000007aab00000, 0x00000007afa00000, 0x00000007c0000000)
  eden space 22016K, 0% used [0x00000007aab00000,0x00000007aab00000,0x00000007ac080000)
  from space 22016K, 58% used [0x00000007ad980000,0x00000007ae609958,0x00000007aef00000)
  to   space 25600K, 0% used [0x00000007ac080000,0x00000007ac080000,0x00000007ad980000)
 ParOldGen       total 186880K, used 112988K [0x0000000780000000, 0x000000078b680000, 0x00000007aab00000)
  object space 186880K, 60% used [0x0000000780000000,0x0000000786e57188,0x000000078b680000)
 Metaspace       used 22941K, capacity 23962K, committed 24192K, reserved 1071104K
  class space    used 3195K, capacity 3407K, committed 3456K, reserved 1048576K
}
Event: 14.386 GC heap before
{Heap before GC invocations=14 (full 3):
 PSYoungGen      total 44032K, used 34854K [0x00000007aab00000, 0x00000007afa00000, 0x00000007c0000000)
  eden space 22016K, 100% used [0x00000007aab00000,0x00000007ac080000,0x00000007ac080000)
  from space 22016K, 58% used [0x00000007ad980000,0x00000007ae609958,0x00000007aef00000)
  to   space 25600K, 0% used [0x00000007ac080000,0x00000007ac080000,0x00000007ad980000)
 ParOldGen       total 186880K, used 112988K [0x0000000780000000, 0x000000078b680000, 0x00000007aab00000)
  object space 186880K, 60% used [0x0000000780000000,0x0000000786e57188,0x000000078b680000)
 Metaspace       used 23377K, capacity 24476K, committed 24704K, reserved 1071104K
  class space    used 3206K, capacity 3442K, committed 3456K, reserved 1048576K
Event: 14.394 GC heap after
Heap after GC invocations=14 (full 3):
 PSYoungGen      total 47616K, used 21483K [0x00000007aab00000, 0x00000007afe80000, 0x00000007c0000000)
  eden space 22016K, 0% used [0x00000007aab00000,0x00000007aab00000,0x00000007ac080000)
  from space 25600K, 83% used [0x00000007ac080000,0x00000007ad57ae18,0x00000007ad980000)
  to   space 28160K, 0% used [0x00000007ae300000,0x00000007ae300000,0x00000007afe80000)
 ParOldGen       total 186880K, used 114714K [0x0000000780000000, 0x000000078b680000, 0x00000007aab00000)
  object space 186880K, 61% used [0x0000000780000000,0x0000000787006bb8,0x000000078b680000)
 Metaspace       used 23377K, capacity 24476K, committed 24704K, reserved 1071104K
  class space    used 3206K, capacity 3442K, committed 3456K, reserved 1048576K
}
Event: 15.139 GC heap before
{Heap before GC invocations=15 (full 3):
 PSYoungGen      total 47616K, used 42251K [0x00000007aab00000, 0x00000007afe80000, 0x00000007c0000000)
  eden space 22016K, 94% used [0x00000007aab00000,0x00000007abf47f78,0x00000007ac080000)
  from space 25600K, 83% used [0x00000007ac080000,0x00000007ad57ae18,0x00000007ad980000)
  to   space 28160K, 0% used [0x00000007ae300000,0x00000007ae300000,0x00000007afe80000)
 ParOldGen       total 186880K, used 129586K [0x0000000780000000, 0x000000078b680000, 0x00000007aab00000)
  object space 186880K, 69% used [0x0000000780000000,0x0000000787e8cb08,0x000000078b680000)
 Metaspace       used 23531K, capacity 24668K, committed 24960K, reserved 1071104K
  class space    used 3206K, capacity 3442K, committed 3456K, reserved 1048576K
Event: 15.155 GC heap after
Heap after GC invocations=15 (full 3):
 PSYoungGen      total 54784K, used 23414K [0x00000007aab00000, 0x00000007b0300000, 0x00000007c0000000)
  eden space 26624K, 0% used [0x00000007aab00000,0x00000007aab00000,0x00000007ac500000)
  from space 28160K, 83% used [0x00000007ae300000,0x00000007af9dd888,0x00000007afe80000)
  to   space 30720K, 0% used [0x00000007ac500000,0x00000007ac500000,0x00000007ae300000)
 ParOldGen       total 186880K, used 134352K [0x0000000780000000, 0x000000078b680000, 0x00000007aab00000)
  object space 186880K, 71% used [0x0000000780000000,0x00000007883342d8,0x000000078b680000)
 Metaspace       used 23531K, capacity 24668K, committed 24960K, reserved 1071104K
  class space    used 3206K, capacity 3442K, committed 3456K, reserved 1048576K
}

