# JRE version: Java(TM) SE Runtime Environment (8.0_25-b17) (build 1.8.0_25-b17)
# Java VM: Java HotSpot(TM) 64-Bit Server VM (25.25-b02 mixed mode bsd-amd64 compressed oops)
Heap:
 PSYoungGen      total 141824K, used 69031K [0x00000007aab00000, 0x00000007b7500000, 0x00000007c0000000)
  eden space 81920K, 49% used [0x00000007aab00000,0x00000007ad24fe98,0x00000007afb00000)
  from space 59904K, 48% used [0x00000007b3a80000,0x00000007b569a0f0,0x00000007b7500000)
  to   space 62464K, 0% used [0x00000007afb00000,0x00000007afb00000,0x00000007b3800000)
 ParOldGen       total 154112K, used 69266K [0x0000000780000000, 0x0000000789680000, 0x00000007aab00000)
  object space 154112K, 44% used [0x0000000780000000,0x00000007843a4868,0x0000000789680000)
 Metaspace       used 24000K, capacity 25122K, committed 25344K, reserved 1071104K
  class space    used 3234K, capacity 3454K, committed 3584K, reserved 1048576K
GC Heap History (10 events):
Event: 12.063 GC heap before
{Heap before GC invocations=7 (full 2):
 PSYoungGen      total 68096K, used 2548K [0x00000007aab00000, 0x00000007b2400000, 0x00000007c0000000)
  eden space 65536K, 0% used [0x00000007aab00000,0x00000007aab00000,0x00000007aeb00000)
  from space 2560K, 99% used [0x00000007aeb00000,0x00000007aed7d3c8,0x00000007aed80000)
  to   space 28160K, 0% used [0x00000007b0880000,0x00000007b0880000,0x00000007b2400000)
 ParOldGen       total 57856K, used 44505K [0x0000000780000000, 0x0000000783880000, 0x00000007aab00000)
  object space 57856K, 76% used [0x0000000780000000,0x0000000782b76500,0x0000000783880000)
 Metaspace       used 22798K, capacity 23884K, committed 23936K, reserved 1069056K
  class space    used 3196K, capacity 3409K, committed 3456K, reserved 1048576K
Event: 12.167 GC heap after
Heap after GC invocations=7 (full 2):
 PSYoungGen      total 68096K, used 0K [0x00000007aab00000, 0x00000007b2400000, 0x00000007c0000000)
  eden space 65536K, 0% used [0x00000007aab00000,0x00000007aab00000,0x00000007aeb00000)
  from space 2560K, 0% used [0x00000007aeb00000,0x00000007aeb00000,0x00000007aed80000)
  to   space 28160K, 0% used [0x00000007b0880000,0x00000007b0880000,0x00000007b2400000)
 ParOldGen       total 108544K, used 45332K [0x0000000780000000, 0x0000000786a00000, 0x00000007aab00000)
  object space 108544K, 41% used [0x0000000780000000,0x0000000782c45198,0x0000000786a00000)
 Metaspace       used 22787K, capacity 23866K, committed 23936K, reserved 1069056K
  class space    used 3194K, capacity 3406K, committed 3456K, reserved 1048576K
}
Event: 14.372 GC heap before
{Heap before GC invocations=8 (full 2):
 PSYoungGen      total 68096K, used 65536K [0x00000007aab00000, 0x00000007b2400000, 0x00000007c0000000)
  eden space 65536K, 100% used [0x00000007aab00000,0x00000007aeb00000,0x00000007aeb00000)
  from space 2560K, 0% used [0x00000007aeb00000,0x00000007aeb00000,0x00000007aed80000)
  to   space 28160K, 0% used [0x00000007b0880000,0x00000007b0880000,0x00000007b2400000)
 ParOldGen       total 108544K, used 45332K [0x0000000780000000, 0x0000000786a00000, 0x00000007aab00000)
  object space 108544K, 41% used [0x0000000780000000,0x0000000782c45198,0x0000000786a00000)
 Metaspace       used 23275K, capacity 24400K, committed 24448K, reserved 1071104K
  class space    used 3207K, capacity 3447K, committed 3456K, reserved 1048576K
Event: 14.417 GC heap after
Heap after GC invocations=8 (full 2):
 PSYoungGen      total 84992K, used 28132K [0x00000007aab00000, 0x00000007b5600000, 0x00000007c0000000)
  eden space 56832K, 0% used [0x00000007aab00000,0x00000007aab00000,0x00000007ae280000)
  from space 28160K, 99% used [0x00000007b0880000,0x00000007b23f9198,0x00000007b2400000)
  to   space 38912K, 0% used [0x00000007ae280000,0x00000007ae280000,0x00000007b0880000)
 ParOldGen       total 108544K, used 52019K [0x0000000780000000, 0x0000000786a00000, 0x00000007aab00000)
  object space 108544K, 47% used [0x0000000780000000,0x00000007832ccff0,0x0000000786a00000)
 Metaspace       used 23275K, capacity 24400K, committed 24448K, reserved 1071104K
  class space    used 3207K, capacity 3447K, committed 3456K, reserved 1048576K
}
Event: 27.802 GC heap before
{Heap before GC invocations=9 (full 2):
 PSYoungGen      total 84992K, used 84964K [0x00000007aab00000, 0x00000007b5600000, 0x00000007c0000000)
  eden space 56832K, 100% used [0x00000007aab00000,0x00000007ae280000,0x00000007ae280000)
  from space 28160K, 99% used [0x00000007b0880000,0x00000007b23f9198,0x00000007b2400000)
  to   space 38912K, 0% used [0x00000007ae280000,0x00000007ae280000,0x00000007b0880000)
 ParOldGen       total 108544K, used 52019K [0x0000000780000000, 0x0000000786a00000, 0x00000007aab00000)
  object space 108544K, 47% used [0x0000000780000000,0x00000007832ccff0,0x0000000786a00000)
 Metaspace       used 23786K, capacity 24978K, committed 25344K, reserved 1071104K
  class space    used 3238K, capacity 3462K, committed 3584K, reserved 1048576K
Event: 27.876 GC heap after
Heap after GC invocations=9 (full 2):
 PSYoungGen      total 95744K, used 38898K [0x00000007aab00000, 0x00000007b7a00000, 0x00000007c0000000)
  eden space 56832K, 0% used [0x00000007aab00000,0x00000007aab00000,0x00000007ae280000)
  from space 38912K, 99% used [0x00000007ae280000,0x00000007b087cb08,0x00000007b0880000)
  to   space 65024K, 0% used [0x00000007b3a80000,0x00000007b3a80000,0x00000007b7a00000)
 ParOldGen       total 108544K, used 87165K [0x0000000780000000, 0x0000000786a00000, 0x00000007aab00000)
  object space 108544K, 80% used [0x0000000780000000,0x000000078551f6f8,0x0000000786a00000)
 Metaspace       used 23786K, capacity 24978K, committed 25344K, reserved 1071104K
  class space    used 3238K, capacity 3462K, committed 3584K, reserved 1048576K
}
Event: 27.876 GC heap before
{Heap before GC invocations=10 (full 3):
 PSYoungGen      total 95744K, used 38898K [0x00000007aab00000, 0x00000007b7a00000, 0x00000007c0000000)
  eden space 56832K, 0% used [0x00000007aab00000,0x00000007aab00000,0x00000007ae280000)
  from space 38912K, 99% used [0x00000007ae280000,0x00000007b087cb08,0x00000007b0880000)
  to   space 65024K, 0% used [0x00000007b3a80000,0x00000007b3a80000,0x00000007b7a00000)
 ParOldGen       total 108544K, used 87165K [0x0000000780000000, 0x0000000786a00000, 0x00000007aab00000)
  object space 108544K, 80% used [0x0000000780000000,0x000000078551f6f8,0x0000000786a00000)
 Metaspace       used 23786K, capacity 24978K, committed 25344K, reserved 1071104K
  class space    used 3238K, capacity 3462K, committed 3584K, reserved 1048576K
Event: 28.009 GC heap after
Heap after GC invocations=10 (full 3):
 PSYoungGen      total 95744K, used 0K [0x00000007aab00000, 0x00000007b7a00000, 0x00000007c0000000)
  eden space 56832K, 0% used [0x00000007aab00000,0x00000007aab00000,0x00000007ae280000)
  from space 38912K, 0% used [0x00000007ae280000,0x00000007ae280000,0x00000007b0880000)
  to   space 65024K, 0% used [0x00000007b3a80000,0x00000007b3a80000,0x00000007b7a00000)
 ParOldGen       total 154112K, used 69258K [0x0000000780000000, 0x0000000789680000, 0x00000007aab00000)
  object space 154112K, 44% used [0x0000000780000000,0x00000007843a2868,0x0000000789680000)
 Metaspace       used 23756K, capacity 24930K, committed 25344K, reserved 1071104K
  class space    used 3234K, capacity 3454K, committed 3584K, reserved 1048576K
}
Event: 34.675 GC heap before
{Heap before GC invocations=11 (full 3):
 PSYoungGen      total 95744K, used 56493K [0x00000007aab00000, 0x00000007b7a00000, 0x00000007c0000000)
  eden space 56832K, 99% used [0x00000007aab00000,0x00000007ae22b728,0x00000007ae280000)
  from space 38912K, 0% used [0x00000007ae280000,0x00000007ae280000,0x00000007b0880000)
  to   space 65024K, 0% used [0x00000007b3a80000,0x00000007b3a80000,0x00000007b7a00000)
 ParOldGen       total 154112K, used 69258K [0x0000000780000000, 0x0000000789680000, 0x00000007aab00000)
  object space 154112K, 44% used [0x0000000780000000,0x00000007843a2868,0x0000000789680000)
 Metaspace       used 23990K, capacity 25122K, committed 25344K, reserved 1071104K
  class space    used 3234K, capacity 3454K, committed 3584K, reserved 1048576K
Event: 34.708 GC heap after
Heap after GC invocations=11 (full 3):
 PSYoungGen      total 141824K, used 28776K [0x00000007aab00000, 0x00000007b7500000, 0x00000007c0000000)
  eden space 81920K, 0% used [0x00000007aab00000,0x00000007aab00000,0x00000007afb00000)
  from space 59904K, 48% used [0x00000007b3a80000,0x00000007b569a0f0,0x00000007b7500000)
  to   space 62464K, 0% used [0x00000007afb00000,0x00000007afb00000,0x00000007b3800000)
 ParOldGen       total 154112K, used 69266K [0x0000000780000000, 0x0000000789680000, 0x00000007aab00000)
  object space 154112K, 44% used [0x0000000780000000,0x00000007843a4868,0x0000000789680000)
 Metaspace       used 23990K, capacity 25122K, committed 25344K, reserved 1071104K
  class space    used 3234K, capacity 3454K, committed 3584K, reserved 1048576K
}

